0000:                       .org 00h                                ; power up 
0000: 02 01 00              ljmp start                      ; when the micro wa
                                                                    ; the main 
0100:              .org 100h                                ; and located at ad
                   start: 
0100: 12 01 0B              lcall init                      ; Start the serial 
                            loop:                           ; Now, endlessly re
0103: 12 01 18                      lcall getchr    ; <- gets a character from 
0106: 12 01 22                      lcall sndchr    ; -> and then echoes the ch
0109: 80 F8                 sjmp loop
                            
                   init:
                   ; set up serial port with a 11.0592 MHz crystal,
                   ; use timer 1 for 9600 baud serial communications
010B: 75 89 20              mov tmod, #20h          ; set timer 1 for auto relo
010E: 75 88 40              mov tcon, #40h          ; run timer 1
0111: 75 8D FD              mov th1,  #0FDh                 ; set 9600 baud wit
0114: 75 98 50              mov scon, #50h          ; set serial control reg fo
                                                                    ; and mode 
0117: 22                    ret
                            
                   getchr:
                   ; This routine "gets" or receives a character from the PC, t
                   ; the serial port. RI is the same as SCON.0 - the assembler 
                   ; either shorthand. The 7-bit ASCII code is returned in the 
                   
0118: 30 98 FD              jnb ri, getchr          ; wait till character recei
011B: E5 99                 mov a, sbuf                     ; get character and
011D: 54 7F                 anl a, #7fh                     ; mask off 8th bit
011F: C2 98                 clr ri
0121: 22                    ret
                            
                   sndchr:
                   ; This routine "sends" or transmits a character to the PC, u
                   ; port. The character to be sent is stored in the accumulato
                   ; TI are the same as far as the assembler is concerned.
                   
0122: C2 99                 clr scon.1                      ; clear the ti comp
0124: F5 99                 mov sbuf, a                     ; move a character 
                   txloop:
0126: 30 99 FD              jnb scon.1, txloop      ; wait till chr is sent
0129: 22                    ret
